1	NC_015119.1:1426-2962	444	61.712
2	NC_015119.1:1426-2962	442	61.991
3	NC_015119.1:1426-2962	442	62.443
4	NC_015119.1:1426-2962	442	61.312
5	NC_015119.1:1426-2962	444	61.486
6	NC_015119.1:1426-2962	442	61.538
7	NC_015119.1:1426-2962	442	61.991
8	NC_015119.1:1426-2962	442	61.538
9	NC_015119.1:1426-2962	442	61.538
10	NC_015119.1:1426-2962	442	61.991
11	NC_015119.1:1426-2962	444	61.486
12	NC_015119.1:1426-2962	444	61.261
13	NC_015119.1:1426-2962	442	61.312
14	NC_015119.1:1426-2962	442	61.991
15	NC_015119.1:1426-2962	442	61.991
16	NC_015119.1:1426-2962	442	61.538
17	NC_015119.1:1426-2962	442	61.765
18	NC_015119.1:1426-2962	442	61.765
19	NC_015119.1:1426-2962	442	61.538
20	NC_015119.1:1426-2962	442	61.312
21	NC_015119.1:1426-2962	442	61.086
22	NC_015119.1:1426-2962	442	61.086
23	NC_015119.1:1426-2962	442	61.086
24	NC_015119.1:1426-2962	442	61.086
25	NC_015119.1:1426-2962	442	61.086
26	NC_015119.1:1426-2962	442	62.443
27	NC_015119.1:1426-2962	444	60.586
28	NC_015119.1:1426-2962	444	60.586
29	NC_015119.1:1426-2962	442	61.538
30	NC_015119.1:1426-2962	442	61.312
31	NC_015119.1:1426-2962	442	61.312
32	NC_015119.1:1426-2962	442	61.312
33	NC_015119.1:1426-2962	442	61.312
34	NC_015119.1:1426-2962	442	61.538
35	NC_015119.1:1426-2962	444	60.586
36	NC_015119.1:1426-2962	442	61.538
37	NC_015119.1:1426-2962	442	61.312
38	NC_015119.1:1426-2962	442	61.312
39	NC_015119.1:1426-2962	442	61.765
40	NC_015119.1:1426-2962	442	61.991
41	NC_015119.1:1426-2962	443	60.271
42	NC_015119.1:1426-2962	443	60.271
43	NC_015119.1:1426-2962	442	60.181
44	NC_015119.1:1426-2962	443	59.594
45	NC_015119.1:1426-2962	442	57.692
46	NC_015119.1:1426-2962	513	55.166
47	NC_015119.1:1426-2962	446	55.830
48	NC_015119.1:1426-2962	446	55.830
49	NC_015119.1:1426-2962	446	55.830
50	NC_015119.1:1426-2962	446	54.709
51	NC_015119.1:1426-2962	446	54.709
52	NC_015119.1:1426-2962	446	54.484
53	NC_015119.1:1426-2962	443	57.336
54	NC_015119.1:1426-2962	444	54.279
55	NC_015119.1:1426-2962	444	54.505
56	NC_015119.1:1426-2962	439	53.759
57	NC_015119.1:1426-2962	446	54.933
58	NC_015119.1:1426-2962	443	55.982
59	NC_015119.1:1426-2962	442	58.145
60	NC_015119.1:1426-2962	440	56.818
61	NC_015119.1:1426-2962	442	57.014
62	NC_015119.1:1426-2962	448	53.795
63	NC_015119.1:1426-2962	445	54.831
64	NC_015119.1:1426-2962	444	50.000
65	NC_015119.1:1426-2962	441	47.846
66	NC_015119.1:1426-2962	441	47.846
67	NC_015119.1:1426-2962	441	48.073
68	NC_015119.1:1426-2962	441	48.073
69	NC_015119.1:1426-2962	441	49.206
70	NC_015119.1:1426-2962	441	49.206
71	NC_015119.1:1426-2962	441	48.753
72	NC_015119.1:1426-2962	441	48.526
73	NC_015119.1:1426-2962	441	47.619
74	NC_015119.1:1426-2962	441	47.619
75	NC_015119.1:1426-2962	441	48.299
76	NC_015119.1:1426-2962	441	48.299
77	NC_015119.1:1426-2962	441	48.299
78	NC_015119.1:1426-2962	441	48.299
79	NC_015119.1:1426-2962	441	48.299
80	NC_015119.1:1426-2962	441	47.619
81	NC_015119.1:1426-2962	287	62.021
82	NC_015119.1:1426-2962	287	62.021
83	NC_015119.1:1426-2962	287	62.021
84	NC_015119.1:1426-2962	287	62.021
85	NC_015119.1:1426-2962	287	62.021
86	NC_015119.1:1426-2962	228	64.474
87	NC_015119.1:1426-2962	228	64.474
88	NC_015119.1:1426-2962	228	64.474
89	NC_015119.1:1426-2962	228	64.474
90	NC_015119.1:1426-2962	228	63.596
91	NC_015119.1:1426-2962	228	63.596
92	NC_015119.1:1426-2962	220	63.182
93	NC_015119.1:1426-2962	220	63.182
94	NC_015119.1:1426-2962	220	63.182
95	NC_015119.1:1426-2962	220	64.091
96	NC_015119.1:1426-2962	220	63.636
97	NC_015119.1:1426-2962	220	63.636
98	NC_015119.1:1426-2962	214	63.551
99	NC_015119.1:1426-2962	214	63.551
100	NC_015119.1:1426-2962	214	63.551
101	NC_015119.1:1426-2962	214	63.551
102	NC_015119.1:1426-2962	214	63.551
103	NC_015119.1:1426-2962	214	63.551
104	NC_015119.1:1426-2962	214	63.551
105	NC_015119.1:1426-2962	214	63.551
106	NC_015119.1:1426-2962	214	63.551
107	NC_015119.1:1426-2962	214	63.551
108	NC_015119.1:1426-2962	214	63.551
109	NC_015119.1:1426-2962	214	63.551
110	NC_015119.1:1426-2962	214	63.551
111	NC_015119.1:1426-2962	214	63.551
112	NC_015119.1:1426-2962	214	63.551
113	NC_015119.1:1426-2962	214	63.551
114	NC_015119.1:1426-2962	214	63.551
115	NC_015119.1:1426-2962	214	63.551
116	NC_015119.1:1426-2962	214	63.551
117	NC_015119.1:1426-2962	214	63.551
118	NC_015119.1:1426-2962	214	63.551
119	NC_015119.1:1426-2962	214	63.551
120	NC_015119.1:1426-2962	214	63.551
121	NC_015119.1:1426-2962	214	63.551
122	NC_015119.1:1426-2962	214	63.551
123	NC_015119.1:1426-2962	214	63.551
124	NC_015119.1:1426-2962	214	63.551
125	NC_015119.1:1426-2962	214	63.551
126	NC_015119.1:1426-2962	214	63.551
127	NC_015119.1:1426-2962	214	63.551
128	NC_015119.1:1426-2962	214	63.551
129	NC_015119.1:1426-2962	214	63.551
130	NC_015119.1:1426-2962	214	63.084
131	NC_015119.1:1426-2962	214	63.084
132	NC_015119.1:1426-2962	214	63.084
133	NC_015119.1:1426-2962	214	62.617
134	NC_015119.1:1426-2962	214	62.617
135	NC_015119.1:1426-2962	207	65.700
136	NC_015119.1:1426-2962	207	66.184
137	NC_015119.1:1426-2962	207	65.217
138	NC_015119.1:1426-2962	207	65.217
139	NC_015119.1:1426-2962	207	65.217
140	NC_015119.1:1426-2962	207	65.217
141	NC_015119.1:1426-2962	207	65.217
142	NC_015119.1:1426-2962	207	65.700
143	NC_015119.1:1426-2962	207	65.700
144	NC_015119.1:1426-2962	207	65.700
145	NC_015119.1:1426-2962	207	65.700
146	NC_015119.1:1426-2962	207	64.734
147	NC_015119.1:1426-2962	207	65.700
148	NC_015119.1:1426-2962	207	64.251
149	NC_015119.1:1426-2962	207	65.217
150	NC_015119.1:1426-2962	207	65.217
151	NC_015119.1:1426-2962	207	64.251
152	NC_015119.1:1426-2962	207	65.700
153	NC_015119.1:1426-2962	207	65.217
154	NC_015119.1:1426-2962	207	64.734
155	NC_015119.1:1426-2962	207	62.319
156	NC_015119.1:1426-2962	207	64.734
157	NC_015119.1:1426-2962	207	64.734
158	NC_015119.1:1426-2962	207	64.734
159	NC_015119.1:1426-2962	207	64.734
160	NC_015119.1:1426-2962	207	64.734
161	NC_015119.1:1426-2962	207	64.734
162	NC_015119.1:1426-2962	207	64.734
163	NC_015119.1:1426-2962	207	63.768
164	NC_015119.1:1426-2962	207	63.768
165	NC_015119.1:1426-2962	207	63.768
166	NC_015119.1:1426-2962	207	64.251
167	NC_015119.1:1426-2962	207	64.734
168	NC_015119.1:1426-2962	207	64.734
169	NC_015119.1:1426-2962	207	64.734
170	NC_015119.1:1426-2962	207	64.734
171	NC_015119.1:1426-2962	207	64.251
172	NC_015119.1:1426-2962	207	64.251
173	NC_015119.1:1426-2962	207	63.768
174	NC_015119.1:1426-2962	207	63.285
175	NC_015119.1:1426-2962	207	64.251
176	NC_015119.1:1426-2962	207	64.251
177	NC_015119.1:1426-2962	207	64.251
178	NC_015119.1:1426-2962	207	64.734
179	NC_015119.1:1426-2962	207	63.768
180	NC_015119.1:1426-2962	207	64.251
181	NC_015119.1:1426-2962	207	64.251
182	NC_015119.1:1426-2962	207	64.251
183	NC_015119.1:1426-2962	207	62.802
184	NC_015119.1:1426-2962	207	63.768
185	NC_015119.1:1426-2962	207	64.251
186	NC_015119.1:1426-2962	207	64.251
187	NC_015119.1:1426-2962	207	63.768
188	NC_015119.1:1426-2962	207	64.251
189	NC_015119.1:1426-2962	207	64.251
190	NC_015119.1:1426-2962	207	64.251
191	NC_015119.1:1426-2962	207	63.768
192	NC_015119.1:1426-2962	207	63.768
193	NC_015119.1:1426-2962	207	63.285
194	NC_015119.1:1426-2962	207	64.251
195	NC_015119.1:1426-2962	207	63.285
196	NC_015119.1:1426-2962	207	63.768
197	NC_015119.1:1426-2962	207	63.768
198	NC_015119.1:1426-2962	207	63.768
199	NC_015119.1:1426-2962	207	64.251
200	NC_015119.1:1426-2962	207	62.319
201	NC_015119.1:1426-2962	207	62.319
202	NC_015119.1:1426-2962	207	63.285
203	NC_015119.1:1426-2962	207	60.386
204	NC_015119.1:1426-2962	207	62.802
205	NC_015119.1:1426-2962	207	61.353
206	NC_015119.1:1426-2962	225	46.667
207	NC_015119.1:1426-2962	225	46.667
208	NC_015119.1:1426-2962	225	46.667
209	NC_015119.1:1426-2962	222	46.396
210	NC_015119.1:1426-2962	175	48.000
211	NC_015119.1:1426-2962	182	60.440
212	NC_015119.1:1426-2962	182	60.440
213	NC_015119.1:1426-2962	182	60.440
214	NC_015119.1:1426-2962	182	60.440
215	NC_015119.1:1426-2962	182	60.440
216	NC_015119.1:1426-2962	182	60.440
217	NC_015119.1:1426-2962	182	60.440
218	NC_015119.1:1426-2962	182	60.440
219	NC_015119.1:1426-2962	182	60.440
220	NC_015119.1:1426-2962	182	60.440
221	NC_015119.1:1426-2962	182	60.440
222	NC_015119.1:1426-2962	182	60.440
223	NC_015119.1:1426-2962	182	60.440
224	NC_015119.1:1426-2962	182	60.440
225	NC_015119.1:1426-2962	182	60.440
226	NC_015119.1:1426-2962	182	60.440
227	NC_015119.1:1426-2962	182	60.440
228	NC_015119.1:1426-2962	182	60.440
229	NC_015119.1:1426-2962	182	60.440
230	NC_015119.1:1426-2962	182	60.440
231	NC_015119.1:1426-2962	182	60.440
232	NC_015119.1:1426-2962	182	60.440
233	NC_015119.1:1426-2962	182	60.440
234	NC_015119.1:1426-2962	182	60.440
235	NC_015119.1:1426-2962	182	60.440
236	NC_015119.1:1426-2962	182	60.440
237	NC_015119.1:1426-2962	182	60.440
238	NC_015119.1:1426-2962	182	60.440
239	NC_015119.1:1426-2962	182	60.440
240	NC_015119.1:1426-2962	182	60.440
241	NC_015119.1:1426-2962	182	60.440
242	NC_015119.1:1426-2962	182	60.440
243	NC_015119.1:1426-2962	182	60.440
244	NC_015119.1:1426-2962	182	60.440
245	NC_015119.1:1426-2962	182	60.440
246	NC_015119.1:1426-2962	182	60.440
247	NC_015119.1:1426-2962	182	60.440
248	NC_015119.1:1426-2962	182	60.440
249	NC_015119.1:1426-2962	182	60.440
250	NC_015119.1:1426-2962	182	60.440
251	NC_015119.1:1426-2962	182	60.440
252	NC_015119.1:1426-2962	182	60.440
253	NC_015119.1:1426-2962	182	60.440
254	NC_015119.1:1426-2962	182	60.440
255	NC_015119.1:1426-2962	182	59.890
256	NC_015119.1:1426-2962	182	59.890
257	NC_015119.1:1426-2962	182	58.791
258	NC_015119.1:1426-2962	182	60.440
259	NC_015119.1:1426-2962	182	60.440
260	NC_015119.1:1426-2962	182	58.242
261	NC_015119.1:1426-2962	182	58.242
262	NC_015119.1:1426-2962	182	58.242
263	NC_015119.1:1426-2962	182	58.242
264	NC_015119.1:1426-2962	182	58.242
265	NC_015119.1:1426-2962	182	59.341
266	NC_015119.1:1426-2962	182	59.341
267	NC_015119.1:1426-2962	182	59.341
268	NC_015119.1:1426-2962	182	59.890
269	NC_015119.1:1426-2962	182	59.890
270	NC_015119.1:1426-2962	182	59.890
271	NC_015119.1:1426-2962	182	59.890
272	NC_015119.1:1426-2962	182	59.890
273	NC_015119.1:1426-2962	182	59.890
274	NC_015119.1:1426-2962	182	59.890
275	NC_015119.1:1426-2962	182	59.890
276	NC_015119.1:1426-2962	182	59.341
277	NC_015119.1:1426-2962	182	59.341
278	NC_015119.1:1426-2962	182	59.341
279	NC_015119.1:1426-2962	182	59.341
280	NC_015119.1:1426-2962	182	59.890
281	NC_015119.1:1426-2962	182	59.890
282	NC_015119.1:1426-2962	182	59.890
283	NC_015119.1:1426-2962	182	59.890
284	NC_015119.1:1426-2962	182	59.890
285	NC_015119.1:1426-2962	182	59.890
286	NC_015119.1:1426-2962	182	59.890
287	NC_015119.1:1426-2962	182	59.890
288	NC_015119.1:1426-2962	175	47.429
289	NC_015119.1:1426-2962	182	59.341
290	NC_015119.1:1426-2962	182	59.341
291	NC_015119.1:1426-2962	182	59.341
292	NC_015119.1:1426-2962	182	59.341
293	NC_015119.1:1426-2962	182	59.341
294	NC_015119.1:1426-2962	182	59.341
295	NC_015119.1:1426-2962	182	59.341
296	NC_015119.1:1426-2962	182	59.341
297	NC_015119.1:1426-2962	182	59.341
298	NC_015119.1:1426-2962	182	59.341
299	NC_015119.1:1426-2962	182	59.341
300	NC_015119.1:1426-2962	182	58.791
301	NC_015119.1:1426-2962	182	58.791
302	NC_015119.1:1426-2962	182	58.791
303	NC_015119.1:1426-2962	182	58.791
304	NC_015119.1:1426-2962	182	58.791
305	NC_015119.1:1426-2962	182	58.791
306	NC_015119.1:1426-2962	182	59.341
307	NC_015119.1:1426-2962	177	46.893
308	NC_015119.1:1426-2962	176	47.159
309	NC_015119.1:1426-2962	176	47.159
310	NC_015119.1:1426-2962	183	42.077
311	NC_015119.1:1426-2962	103	47.573
312	NC_015119.1:1426-2962	131	67.939
313	NC_015119.1:1426-2962	131	67.939
314	NC_015119.1:1426-2962	131	67.939
315	NC_015119.1:1426-2962	131	67.939
316	NC_015119.1:1426-2962	131	67.939
317	NC_015119.1:1426-2962	131	67.939
318	NC_015119.1:1426-2962	131	67.939
319	NC_015119.1:1426-2962	131	67.939
320	NC_015119.1:1426-2962	131	67.939
321	NC_015119.1:1426-2962	131	67.939
322	NC_015119.1:1426-2962	131	67.939
323	NC_015119.1:1426-2962	131	66.412
324	NC_015119.1:1426-2962	137	64.234
325	NC_015119.1:1426-2962	142	63.380
326	NC_015119.1:1426-2962	135	64.444
327	NC_015119.1:1426-2962	131	65.649
328	NC_015119.1:1426-2962	131	65.649
329	NC_015119.1:1426-2962	131	65.649
330	NC_015119.1:1426-2962	131	65.649
331	NC_015119.1:1426-2962	131	65.649
332	NC_015119.1:1426-2962	131	64.885
333	NC_015119.1:1426-2962	131	64.885
334	NC_015119.1:1426-2962	131	64.885
335	NC_015119.1:1426-2962	131	64.885
336	NC_015119.1:1426-2962	134	61.940
337	NC_015119.1:1426-2962	131	64.122
338	NC_015119.1:1426-2962	126	56.349
339	NC_015119.1:1426-2962	131	64.122
340	NC_015119.1:1426-2962	138	62.319
341	NC_015119.1:1426-2962	131	62.595
342	NC_015119.1:1426-2962	112	55.357
343	NC_015119.1:1426-2962	122	62.295
344	NC_015119.1:1426-2962	119	58.824
345	NC_015119.1:1426-2962	117	56.410
346	NC_015119.1:1426-2962	117	56.410
347	NC_015119.1:1426-2962	117	56.410
348	NC_015119.1:1426-2962	117	56.410
349	NC_015119.1:1426-2962	117	56.410
350	NC_015119.1:1426-2962	117	56.410
351	NC_015119.1:1426-2962	117	56.410
352	NC_015119.1:1426-2962	117	56.410
353	NC_015119.1:1426-2962	128	38.281
354	NC_015119.1:1426-2962	36	47.222
355	NC_015119.1:1426-2962	128	38.281
356	NC_015119.1:1426-2962	36	47.222
357	NC_015119.1:1426-2962	128	38.281
358	NC_015119.1:1426-2962	36	47.222
359	NC_015119.1:1426-2962	128	38.281
360	NC_015119.1:1426-2962	36	47.222
361	NC_015119.1:1426-2962	128	38.281
362	NC_015119.1:1426-2962	36	47.222
363	NC_015119.1:1426-2962	128	38.281
364	NC_015119.1:1426-2962	36	47.222
365	NC_015119.1:1426-2962	128	38.281
366	NC_015119.1:1426-2962	36	47.222
367	NC_015119.1:1426-2962	128	38.281
368	NC_015119.1:1426-2962	36	47.222
369	NC_015119.1:1426-2962	128	38.281
370	NC_015119.1:1426-2962	36	47.222
371	NC_015119.1:1426-2962	128	38.281
372	NC_015119.1:1426-2962	36	47.222
373	NC_015119.1:1426-2962	128	38.281
374	NC_015119.1:1426-2962	36	47.222
375	NC_015119.1:1426-2962	128	38.281
376	NC_015119.1:1426-2962	36	47.222
377	NC_015119.1:1426-2962	128	38.281
378	NC_015119.1:1426-2962	36	47.222
379	NC_015119.1:1426-2962	128	38.281
380	NC_015119.1:1426-2962	36	47.222
381	NC_015119.1:1426-2962	128	38.281
382	NC_015119.1:1426-2962	36	47.222
383	NC_015119.1:1426-2962	71	60.563
384	NC_015119.1:1426-2962	128	38.281
385	NC_015119.1:1426-2962	36	47.222
386	NC_015119.1:1426-2962	128	37.500
387	NC_015119.1:1426-2962	36	47.222
388	NC_015119.1:1426-2962	128	37.500
389	NC_015119.1:1426-2962	36	47.222
390	NC_015119.1:1426-2962	128	37.500
391	NC_015119.1:1426-2962	36	47.222
392	NC_015119.1:1426-2962	128	37.500
393	NC_015119.1:1426-2962	36	47.222
394	NC_015119.1:1426-2962	128	37.500
395	NC_015119.1:1426-2962	36	47.222
396	NC_015119.1:1426-2962	128	37.500
397	NC_015119.1:1426-2962	36	47.222
398	NC_015119.1:1426-2962	36	80.556
399	NC_015119.1:1426-2962	81	65.432
400	NC_015119.1:1426-2962	51	47.059
401	NC_015119.1:1426-2962	44	50.000
402	NC_015119.1:1426-2962	73	41.096
403	NC_015119.1:1426-2962	86	40.698
404	NC_015119.1:1426-2962	28	39.286
405	NC_015119.1:1426-2962	19	57.895
