354	1	NC_015119.1:1426-2962	gi|336287921|gb|AEI30249.1|	47.222	36	17	1	641	742	136	171	2.29e-15	26.6
356	2	NC_015119.1:1426-2962	gi|336287923|gb|AEI30250.1|	47.222	36	17	1	641	742	136	171	2.29e-15	26.6
358	3	NC_015119.1:1426-2962	gi|336287885|gb|AEI30231.1|	47.222	36	17	1	641	742	136	171	8.02e-15	26.6
360	4	NC_015119.1:1426-2962	gi|336287889|gb|AEI30233.1|	47.222	36	17	1	641	742	136	171	8.02e-15	26.6
362	5	NC_015119.1:1426-2962	gi|336287893|gb|AEI30235.1|	47.222	36	17	1	641	742	136	171	8.02e-15	26.6
364	6	NC_015119.1:1426-2962	gi|336287901|gb|AEI30239.1|	47.222	36	17	1	641	742	136	171	8.02e-15	26.6
366	7	NC_015119.1:1426-2962	gi|336287909|gb|AEI30243.1|	47.222	36	17	1	641	742	136	171	8.02e-15	26.6
368	8	NC_015119.1:1426-2962	gi|336287913|gb|AEI30245.1|	47.222	36	17	1	641	742	136	171	8.02e-15	26.6
370	9	NC_015119.1:1426-2962	gi|336287883|gb|AEI30230.1|	47.222	36	17	1	641	742	136	171	8.02e-15	26.6
372	10	NC_015119.1:1426-2962	gi|336287887|gb|AEI30232.1|	47.222	36	17	1	641	742	136	171	8.02e-15	26.6
374	11	NC_015119.1:1426-2962	gi|336287891|gb|AEI30234.1|	47.222	36	17	1	641	742	136	171	8.02e-15	26.6
376	12	NC_015119.1:1426-2962	gi|336287899|gb|AEI30238.1|	47.222	36	17	1	641	742	136	171	8.02e-15	26.6
378	13	NC_015119.1:1426-2962	gi|336287903|gb|AEI30240.1|	47.222	36	17	1	641	742	136	171	8.02e-15	26.6
380	14	NC_015119.1:1426-2962	gi|336287907|gb|AEI30242.1|	47.222	36	17	1	641	742	136	171	8.02e-15	26.6
382	15	NC_015119.1:1426-2962	gi|336287911|gb|AEI30244.1|	47.222	36	17	1	641	742	136	171	8.02e-15	26.6
385	16	NC_015119.1:1426-2962	gi|336287905|gb|AEI30241.1|	47.222	36	17	1	641	742	136	171	9.29e-15	26.6
387	17	NC_015119.1:1426-2962	gi|336287915|gb|AEI30246.1|	47.222	36	17	1	641	742	136	171	1.16e-14	26.6
389	18	NC_015119.1:1426-2962	gi|336287919|gb|AEI30248.1|	47.222	36	17	1	641	742	136	171	1.16e-14	26.6
391	19	NC_015119.1:1426-2962	gi|336287881|gb|AEI30229.1|	47.222	36	17	1	641	742	136	171	3.06e-14	26.9
393	20	NC_015119.1:1426-2962	gi|336287897|gb|AEI30237.1|	47.222	36	17	1	641	742	136	171	3.06e-14	26.9
