1	NC_015119.1:1426-2962	gi|225622197|ref|YP_002725710.1|	432
2	NC_015119.1:1426-2962	gi|288903410|ref|YP_003434131.1|	430
3	NC_015119.1:1426-2962	gi|326536058|ref|YP_004300493.1|	430
4	NC_015119.1:1426-2962	gi|188011119|ref|YP_001905892.1|	429
5	NC_015119.1:1426-2962	gi|225622184|ref|YP_002725698.1|	429
6	NC_015119.1:1426-2962	gi|171260186|ref|YP_001795390.1|	429
7	NC_015119.1:1426-2962	gi|288903312|ref|YP_003434040.1|	429
8	NC_015119.1:1426-2962	gi|49146527|ref|YP_026087.1|	428
9	NC_015119.1:1426-2962	gi|296315379|emb|CAQ56159.1|	428
10	NC_015119.1:1426-2962	gi|160694986|ref|YP_001552232.1|COX1_21467	428
11	NC_015119.1:1426-2962	gi|288903231|ref|YP_003433879.1|	428
12	NC_015119.1:1426-2962	gi|19111755|ref|NP_579952.2|COX1_15956	428
13	NC_015119.1:1426-2962	gi|288903353|ref|YP_003434078.1|	428
14	NC_015119.1:1426-2962	gi|1169025|sp|P24893.2|COX1_CAEEL	427
15	NC_015119.1:1426-2962	gi|5834891|ref|NP_006961.1|COX1_10021	427
16	NC_015119.1:1426-2962	gi|288904191|ref|YP_003434456.1|	427
17	NC_015119.1:1426-2962	gi|30725263|ref|NP_851331.1|	427
18	NC_015119.1:1426-2962	gi|294368068|ref|YP_003433891.2|	427
19	NC_015119.1:1426-2962	gi|169160118|ref|YP_001700361.1|	427
20	NC_015119.1:1426-2962	gi|189095452|ref|YP_001936464.1|	427
21	NC_015119.1:1426-2962	gi|1169024|sp|P24881.2|COX1_ASCSU	427
22	NC_015119.1:1426-2962	gi|5834880|ref|NP_006949.1|COX1_10020	427
23	NC_015119.1:1426-2962	gi|288900706|ref|YP_003433739.1|	427
24	NC_015119.1:1426-2962	gi|357018118|ref|YP_004935169.1|	426
25	NC_015119.1:1426-2962	gi|357018150|ref|YP_004935200.1|	426
26	NC_015119.1:1426-2962	gi|116510836|ref|YP_817454.1|	426
27	NC_015119.1:1426-2962	gi|343198304|ref|YP_004778171.1|	425
28	NC_015119.1:1426-2962	gi|343198264|ref|YP_004778134.1|	425
29	NC_015119.1:1426-2962	gi|288900693|ref|YP_003433727.1|	424
30	NC_015119.1:1426-2962	gi|91176182|ref|YP_537096.1|	424
31	NC_015119.1:1426-2962	gi|255506273|ref|YP_003097109.1|	424
32	NC_015119.1:1426-2962	gi|296315392|emb|CAQ56171.1|	424
33	NC_015119.1:1426-2962	gi|296940316|ref|YP_003667994.1|	424
34	NC_015119.1:1426-2962	gi|288903285|ref|YP_003433929.1|	424
35	NC_015119.1:1426-2962	gi|19111767|ref|NP_579964.2|	423
36	NC_015119.1:1426-2962	gi|255506300|ref|YP_003097134.1|	423
37	NC_015119.1:1426-2962	gi|227437190|gb|ACP30394.1|	423
38	NC_015119.1:1426-2962	gi|317134156|ref|YP_004123396.1|	423
39	NC_015119.1:1426-2962	gi|288903193|ref|YP_003433803.1|	422
40	NC_015119.1:1426-2962	gi|288903218|ref|YP_003433826.1|	413
41	NC_015119.1:1426-2962	gi|399934471|gb|AFP58668.1|	409
42	NC_015119.1:1426-2962	gi|404333724|ref|YP_006702537.1|	409
43	NC_015119.1:1426-2962	gi|353526743|ref|YP_004927920.1|	402
44	NC_015119.1:1426-2962	gi|49147263|ref|YP_025921.1|	393
45	NC_015119.1:1426-2962	gi|347600388|ref|YP_004857909.1|	393
46	NC_015119.1:1426-2962	gi|13195746|ref|NP_077265.1|COX1_15606	390
47	NC_015119.1:1426-2962	gi|388892211|gb|AFK81032.1|	384
48	NC_015119.1:1426-2962	gi|404333640|ref|YP_006702459.1|	384
49	NC_015119.1:1426-2962	gi|385137017|ref|YP_006234076.1|	377
50	NC_015119.1:1426-2962	gi|388892225|gb|AFK81045.1|	375
51	NC_015119.1:1426-2962	gi|404333654|ref|YP_006702472.1|	375
52	NC_015119.1:1426-2962	gi|385099655|ref|YP_006234115.1|	369
53	NC_015119.1:1426-2962	gi|99878585|ref|YP_615042.1|	369
54	NC_015119.1:1426-2962	gi|343198277|ref|YP_004778146.1|	361
55	NC_015119.1:1426-2962	gi|207266411|ref|YP_002261325.1|	359
56	NC_015119.1:1426-2962	gi|258649594|ref|YP_003204882.1|	358
57	NC_015119.1:1426-2962	gi|99878741|ref|YP_615048.1|	351
58	NC_015119.1:1426-2962	gi|353526756|ref|YP_004927932.1|	351
