210	NC_015119.1:1426-2962	gi|392282155|gb|AFM53696.1|	142
211	NC_015119.1:1426-2962	gi|338970774|gb|AEJ33700.1|	139
212	NC_015119.1:1426-2962	gi|338970778|gb|AEJ33702.1|	139
213	NC_015119.1:1426-2962	gi|338970782|gb|AEJ33704.1|	139
214	NC_015119.1:1426-2962	gi|338970786|gb|AEJ33706.1|	139
215	NC_015119.1:1426-2962	gi|338970790|gb|AEJ33708.1|	139
216	NC_015119.1:1426-2962	gi|338970794|gb|AEJ33710.1|	139
217	NC_015119.1:1426-2962	gi|338970798|gb|AEJ33712.1|	139
218	NC_015119.1:1426-2962	gi|338970802|gb|AEJ33714.1|	139
219	NC_015119.1:1426-2962	gi|338970806|gb|AEJ33716.1|	139
220	NC_015119.1:1426-2962	gi|338970814|gb|AEJ33720.1|	139
221	NC_015119.1:1426-2962	gi|338970818|gb|AEJ33722.1|	139
222	NC_015119.1:1426-2962	gi|338970846|gb|AEJ33736.1|	139
223	NC_015119.1:1426-2962	gi|338970850|gb|AEJ33738.1|	139
224	NC_015119.1:1426-2962	gi|338970854|gb|AEJ33740.1|	139
225	NC_015119.1:1426-2962	gi|338970878|gb|AEJ33752.1|	139
226	NC_015119.1:1426-2962	gi|338970882|gb|AEJ33754.1|	139
227	NC_015119.1:1426-2962	gi|338970886|gb|AEJ33756.1|	139
228	NC_015119.1:1426-2962	gi|338970890|gb|AEJ33758.1|	139
229	NC_015119.1:1426-2962	gi|338970894|gb|AEJ33760.1|	139
230	NC_015119.1:1426-2962	gi|338970898|gb|AEJ33762.1|	139
231	NC_015119.1:1426-2962	gi|338970902|gb|AEJ33764.1|	139
232	NC_015119.1:1426-2962	gi|338970906|gb|AEJ33766.1|	139
233	NC_015119.1:1426-2962	gi|338970768|gb|AEJ33697.1|	139
234	NC_015119.1:1426-2962	gi|338970772|gb|AEJ33699.1|	139
235	NC_015119.1:1426-2962	gi|338970776|gb|AEJ33701.1|	139
236	NC_015119.1:1426-2962	gi|338970780|gb|AEJ33703.1|	139
237	NC_015119.1:1426-2962	gi|338970784|gb|AEJ33705.1|	139
238	NC_015119.1:1426-2962	gi|338970792|gb|AEJ33709.1|	139
239	NC_015119.1:1426-2962	gi|338970796|gb|AEJ33711.1|	139
240	NC_015119.1:1426-2962	gi|338970800|gb|AEJ33713.1|	139
241	NC_015119.1:1426-2962	gi|338970804|gb|AEJ33715.1|	139
242	NC_015119.1:1426-2962	gi|338970816|gb|AEJ33721.1|	139
243	NC_015119.1:1426-2962	gi|338970844|gb|AEJ33735.1|	139
244	NC_015119.1:1426-2962	gi|338970848|gb|AEJ33737.1|	139
245	NC_015119.1:1426-2962	gi|338970852|gb|AEJ33739.1|	139
246	NC_015119.1:1426-2962	gi|338970876|gb|AEJ33751.1|	139
247	NC_015119.1:1426-2962	gi|338970880|gb|AEJ33753.1|	139
248	NC_015119.1:1426-2962	gi|338970888|gb|AEJ33757.1|	139
249	NC_015119.1:1426-2962	gi|338970896|gb|AEJ33761.1|	139
250	NC_015119.1:1426-2962	gi|338970900|gb|AEJ33763.1|	139
251	NC_015119.1:1426-2962	gi|338970904|gb|AEJ33765.1|	139
252	NC_015119.1:1426-2962	gi|338970908|gb|AEJ33767.1|	139
253	NC_015119.1:1426-2962	gi|338970788|gb|AEJ33707.1|	138
254	NC_015119.1:1426-2962	gi|338970884|gb|AEJ33755.1|	138
255	NC_015119.1:1426-2962	gi|338970770|gb|AEJ33698.1|	138
256	NC_015119.1:1426-2962	gi|338970892|gb|AEJ33759.1|	138
257	NC_015119.1:1426-2962	gi|338970810|gb|AEJ33718.1|	138
258	NC_015119.1:1426-2962	gi|338970808|gb|AEJ33717.1|	137
259	NC_015119.1:1426-2962	gi|338970812|gb|AEJ33719.1|	137
260	NC_015119.1:1426-2962	gi|338970830|gb|AEJ33728.1|	137
261	NC_015119.1:1426-2962	gi|338970842|gb|AEJ33734.1|	137
262	NC_015119.1:1426-2962	gi|338970820|gb|AEJ33723.1|	137
263	NC_015119.1:1426-2962	gi|338970832|gb|AEJ33729.1|	137
264	NC_015119.1:1426-2962	gi|338970840|gb|AEJ33733.1|	137
265	NC_015119.1:1426-2962	gi|338970722|gb|AEJ33674.1|	137
266	NC_015119.1:1426-2962	gi|338970726|gb|AEJ33676.1|	137
267	NC_015119.1:1426-2962	gi|338970730|gb|AEJ33678.1|	137
268	NC_015119.1:1426-2962	gi|338970738|gb|AEJ33682.1|	137
269	NC_015119.1:1426-2962	gi|338970742|gb|AEJ33684.1|	137
270	NC_015119.1:1426-2962	gi|338970746|gb|AEJ33686.1|	137
271	NC_015119.1:1426-2962	gi|338970750|gb|AEJ33688.1|	137
272	NC_015119.1:1426-2962	gi|338970754|gb|AEJ33690.1|	137
273	NC_015119.1:1426-2962	gi|338970758|gb|AEJ33692.1|	137
274	NC_015119.1:1426-2962	gi|338970762|gb|AEJ33694.1|	137
275	NC_015119.1:1426-2962	gi|338970766|gb|AEJ33696.1|	137
276	NC_015119.1:1426-2962	gi|338970724|gb|AEJ33675.1|	137
277	NC_015119.1:1426-2962	gi|338970728|gb|AEJ33677.1|	137
278	NC_015119.1:1426-2962	gi|338970732|gb|AEJ33679.1|	137
279	NC_015119.1:1426-2962	gi|338970736|gb|AEJ33681.1|	137
280	NC_015119.1:1426-2962	gi|338970740|gb|AEJ33683.1|	137
281	NC_015119.1:1426-2962	gi|338970744|gb|AEJ33685.1|	137
282	NC_015119.1:1426-2962	gi|338970748|gb|AEJ33687.1|	137
283	NC_015119.1:1426-2962	gi|338970752|gb|AEJ33689.1|	137
284	NC_015119.1:1426-2962	gi|338970756|gb|AEJ33691.1|	137
285	NC_015119.1:1426-2962	gi|338970764|gb|AEJ33695.1|	137
286	NC_015119.1:1426-2962	gi|338970734|gb|AEJ33680.1|	137
287	NC_015119.1:1426-2962	gi|338970720|gb|AEJ33673.1|	137
288	NC_015119.1:1426-2962	gi|392282153|gb|AFM53695.1|	137
289	NC_015119.1:1426-2962	gi|338970838|gb|AEJ33732.1|	136
290	NC_015119.1:1426-2962	gi|338970858|gb|AEJ33742.1|	136
291	NC_015119.1:1426-2962	gi|338970862|gb|AEJ33744.1|	136
292	NC_015119.1:1426-2962	gi|338970866|gb|AEJ33746.1|	136
293	NC_015119.1:1426-2962	gi|338970870|gb|AEJ33748.1|	136
294	NC_015119.1:1426-2962	gi|338970874|gb|AEJ33750.1|	136
295	NC_015119.1:1426-2962	gi|338970836|gb|AEJ33731.1|	136
296	NC_015119.1:1426-2962	gi|338970856|gb|AEJ33741.1|	136
297	NC_015119.1:1426-2962	gi|338970860|gb|AEJ33743.1|	136
298	NC_015119.1:1426-2962	gi|338970864|gb|AEJ33745.1|	136
299	NC_015119.1:1426-2962	gi|338970872|gb|AEJ33749.1|	136
300	NC_015119.1:1426-2962	gi|338970822|gb|AEJ33724.1|	136
301	NC_015119.1:1426-2962	gi|338970826|gb|AEJ33726.1|	136
302	NC_015119.1:1426-2962	gi|338970834|gb|AEJ33730.1|	136
303	NC_015119.1:1426-2962	gi|338970824|gb|AEJ33725.1|	136
304	NC_015119.1:1426-2962	gi|338970828|gb|AEJ33727.1|	136
305	NC_015119.1:1426-2962	gi|338970868|gb|AEJ33747.1|	136
306	NC_015119.1:1426-2962	gi|338970760|gb|AEJ33693.1|	135
307	NC_015119.1:1426-2962	gi|346722066|gb|AEO50750.1|	135
308	NC_015119.1:1426-2962	gi|346722064|gb|AEO50749.1|	134
309	NC_015119.1:1426-2962	gi|346722068|gb|AEO50751.1|	134
310	NC_015119.1:1426-2962	gi|402580522|gb|EJW74472.1|	133
311	NC_015119.1:1426-2962	gi|402580522|gb|EJW74472.1|	101
312	NC_015119.1:1426-2962	gi|402693622|gb|AFQ89878.1|	127
313	NC_015119.1:1426-2962	gi|402693626|gb|AFQ89880.1|	127
314	NC_015119.1:1426-2962	gi|402693630|gb|AFQ89882.1|	127
315	NC_015119.1:1426-2962	gi|402693634|gb|AFQ89884.1|	127
316	NC_015119.1:1426-2962	gi|402693638|gb|AFQ89886.1|	127
317	NC_015119.1:1426-2962	gi|402693620|gb|AFQ89877.1|	127
318	NC_015119.1:1426-2962	gi|402693624|gb|AFQ89879.1|	127
319	NC_015119.1:1426-2962	gi|402693628|gb|AFQ89881.1|	127
320	NC_015119.1:1426-2962	gi|402693632|gb|AFQ89883.1|	127
321	NC_015119.1:1426-2962	gi|402693636|gb|AFQ89885.1|	127
322	NC_015119.1:1426-2962	gi|402693640|gb|AFQ89887.1|	127
323	NC_015119.1:1426-2962	gi|407724932|dbj|BAM45503.1|	127
324	NC_015119.1:1426-2962	gi|400532651|gb|AFP87310.1|	126
325	NC_015119.1:1426-2962	gi|400532642|gb|AFP87306.1|	125
326	NC_015119.1:1426-2962	gi|400532653|gb|AFP87311.1|	125
327	NC_015119.1:1426-2962	gi|334717114|gb|AEG91022.1|	122
328	NC_015119.1:1426-2962	gi|334717118|gb|AEG91024.1|	122
329	NC_015119.1:1426-2962	gi|334717112|gb|AEG91021.1|	122
330	NC_015119.1:1426-2962	gi|334717116|gb|AEG91023.1|	122
331	NC_015119.1:1426-2962	gi|334717120|gb|AEG91025.1|	122
332	NC_015119.1:1426-2962	gi|334717122|gb|AEG91026.1|	121
333	NC_015119.1:1426-2962	gi|334717126|gb|AEG91028.1|	121
334	NC_015119.1:1426-2962	gi|334717124|gb|AEG91027.1|	121
335	NC_015119.1:1426-2962	gi|334717128|gb|AEG91029.1|	121
336	NC_015119.1:1426-2962	gi|400532649|gb|AFP87309.1|	121
337	NC_015119.1:1426-2962	gi|334717132|gb|AEG91031.1|	120
338	NC_015119.1:1426-2962	gi|329556561|gb|AEB91966.1|	119
339	NC_015119.1:1426-2962	gi|334717130|gb|AEG91030.1|	119
340	NC_015119.1:1426-2962	gi|400532640|gb|AFP87305.1|	116
341	NC_015119.1:1426-2962	gi|400532644|gb|AFP87307.1|	115
342	NC_015119.1:1426-2962	gi|407724934|dbj|BAM45504.1|	112
343	NC_015119.1:1426-2962	gi|400532647|gb|AFP87308.1|	107
344	NC_015119.1:1426-2962	gi|401802775|gb|AFQ20727.1|	90
345	NC_015119.1:1426-2962	gi|335352272|gb|AEH42433.1|	85
346	NC_015119.1:1426-2962	gi|335352276|gb|AEH42435.1|	85
347	NC_015119.1:1426-2962	gi|335352280|gb|AEH42437.1|	85
348	NC_015119.1:1426-2962	gi|335352284|gb|AEH42439.1|	85
349	NC_015119.1:1426-2962	gi|335352274|gb|AEH42434.1|	85
350	NC_015119.1:1426-2962	gi|335352278|gb|AEH42436.1|	85
351	NC_015119.1:1426-2962	gi|335352282|gb|AEH42438.1|	85
352	NC_015119.1:1426-2962	gi|335352286|gb|AEH42440.1|	85
353	NC_015119.1:1426-2962	gi|336287921|gb|AEI30249.1|	75
354	NC_015119.1:1426-2962	gi|336287921|gb|AEI30249.1|	27
355	NC_015119.1:1426-2962	gi|336287923|gb|AEI30250.1|	75
356	NC_015119.1:1426-2962	gi|336287923|gb|AEI30250.1|	27
357	NC_015119.1:1426-2962	gi|336287885|gb|AEI30231.1|	73
358	NC_015119.1:1426-2962	gi|336287885|gb|AEI30231.1|	27
359	NC_015119.1:1426-2962	gi|336287889|gb|AEI30233.1|	73
360	NC_015119.1:1426-2962	gi|336287889|gb|AEI30233.1|	27
361	NC_015119.1:1426-2962	gi|336287893|gb|AEI30235.1|	73
362	NC_015119.1:1426-2962	gi|336287893|gb|AEI30235.1|	27
363	NC_015119.1:1426-2962	gi|336287901|gb|AEI30239.1|	73
364	NC_015119.1:1426-2962	gi|336287901|gb|AEI30239.1|	27
365	NC_015119.1:1426-2962	gi|336287909|gb|AEI30243.1|	73
366	NC_015119.1:1426-2962	gi|336287909|gb|AEI30243.1|	27
367	NC_015119.1:1426-2962	gi|336287913|gb|AEI30245.1|	73
368	NC_015119.1:1426-2962	gi|336287913|gb|AEI30245.1|	27
369	NC_015119.1:1426-2962	gi|336287883|gb|AEI30230.1|	73
370	NC_015119.1:1426-2962	gi|336287883|gb|AEI30230.1|	27
371	NC_015119.1:1426-2962	gi|336287887|gb|AEI30232.1|	73
372	NC_015119.1:1426-2962	gi|336287887|gb|AEI30232.1|	27
373	NC_015119.1:1426-2962	gi|336287891|gb|AEI30234.1|	73
374	NC_015119.1:1426-2962	gi|336287891|gb|AEI30234.1|	27
375	NC_015119.1:1426-2962	gi|336287899|gb|AEI30238.1|	73
376	NC_015119.1:1426-2962	gi|336287899|gb|AEI30238.1|	27
377	NC_015119.1:1426-2962	gi|336287903|gb|AEI30240.1|	73
378	NC_015119.1:1426-2962	gi|336287903|gb|AEI30240.1|	27
379	NC_015119.1:1426-2962	gi|336287907|gb|AEI30242.1|	73
380	NC_015119.1:1426-2962	gi|336287907|gb|AEI30242.1|	27
381	NC_015119.1:1426-2962	gi|336287911|gb|AEI30244.1|	73
382	NC_015119.1:1426-2962	gi|336287911|gb|AEI30244.1|	27
383	NC_015119.1:1426-2962	gi|324524638|gb|ADY48446.1|	70
384	NC_015119.1:1426-2962	gi|336287905|gb|AEI30241.1|	73
385	NC_015119.1:1426-2962	gi|336287905|gb|AEI30241.1|	27
386	NC_015119.1:1426-2962	gi|336287915|gb|AEI30246.1|	72
387	NC_015119.1:1426-2962	gi|336287915|gb|AEI30246.1|	27
388	NC_015119.1:1426-2962	gi|336287919|gb|AEI30248.1|	72
389	NC_015119.1:1426-2962	gi|336287919|gb|AEI30248.1|	27
390	NC_015119.1:1426-2962	gi|336287881|gb|AEI30229.1|	71
391	NC_015119.1:1426-2962	gi|336287881|gb|AEI30229.1|	27
392	NC_015119.1:1426-2962	gi|336287897|gb|AEI30237.1|	71
393	NC_015119.1:1426-2962	gi|336287897|gb|AEI30237.1|	27
394	NC_015119.1:1426-2962	gi|336287895|gb|AEI30236.1|	71
395	NC_015119.1:1426-2962	gi|336287895|gb|AEI30236.1|	27
396	NC_015119.1:1426-2962	gi|336287917|gb|AEI30247.1|	71
397	NC_015119.1:1426-2962	gi|336287917|gb|AEI30247.1|	27
398	NC_015119.1:1426-2962	gi|324575380|gb|ADY49966.1|	62
399	NC_015119.1:1426-2962	gi|401664211|dbj|BAM36458.1|	57
400	NC_015119.1:1426-2962	gi|402169024|emb|CCK73368.1|	49
401	NC_015119.1:1426-2962	gi|324575366|gb|ADY49962.1|	40
402	NC_015119.1:1426-2962	gi|402575841|gb|EJW69801.1|	40
403	NC_015119.1:1426-2962	gi|402583242|gb|EJW77186.1|	35
404	NC_015119.1:1426-2962	gi|324575316|gb|ADY49947.1|	29
405	NC_015119.1:1426-2962	gi|402583579|gb|EJW77523.1|	30
