59	NC_015119.1:1426-2962	gi|119637801|ref|YP_918966.1|	350
60	NC_015119.1:1426-2962	gi|119360188|ref|YP_913163.1|	344
61	NC_015119.1:1426-2962	gi|119655310|ref|YP_918977.1|	344
62	NC_015119.1:1426-2962	gi|124286770|ref|YP_001023661.1|	340
63	NC_015119.1:1426-2962	gi|110082720|ref|YP_665490.1|	338
64	NC_015119.1:1426-2962	gi|353526730|ref|YP_004927908.1|	330
65	NC_015119.1:1426-2962	gi|393716480|gb|AFN20656.1|	321
66	NC_015119.1:1426-2962	gi|400201800|ref|YP_006576256.1|	321
67	NC_015119.1:1426-2962	gi|307557814|gb|ADN52139.1|	318
68	NC_015119.1:1426-2962	gi|357018107|ref|YP_004935159.1|	318
69	NC_015119.1:1426-2962	gi|332164905|gb|AEE11945.1|	318
70	NC_015119.1:1426-2962	gi|357017815|ref|YP_004934847.1|	318
71	NC_015119.1:1426-2962	gi|5835446|ref|NP_008370.1|COX1_13186	318
72	NC_015119.1:1426-2962	gi|40548803|ref|NP_954717.1|	317
73	NC_015119.1:1426-2962	gi|307557827|gb|ADN52151.1|	317
74	NC_015119.1:1426-2962	gi|357018133|ref|YP_004935183.1|	317
75	NC_015119.1:1426-2962	gi|307375469|gb|ADN43962.1|	315
76	NC_015119.1:1426-2962	gi|357017996|ref|YP_004935014.1|	315
77	NC_015119.1:1426-2962	gi|299828995|ref|YP_003734888.1|	315
78	NC_015119.1:1426-2962	gi|302424149|gb|ADL39026.1|	315
79	NC_015119.1:1426-2962	gi|306960080|ref|YP_003875468.1|	315
80	NC_015119.1:1426-2962	gi|23395808|ref|NP_694905.1|	314
81	NC_015119.1:1426-2962	gi|406362774|dbj|BAM44915.1|	270
82	NC_015119.1:1426-2962	gi|406362778|dbj|BAM44917.1|	270
83	NC_015119.1:1426-2962	gi|406362782|dbj|BAM44919.1|	270
84	NC_015119.1:1426-2962	gi|406362776|dbj|BAM44916.1|	270
85	NC_015119.1:1426-2962	gi|406362780|dbj|BAM44918.1|	270
