86	NC_015119.1:1426-2962	gi|224176451|dbj|BAH23580.1|	236
87	NC_015119.1:1426-2962	gi|224176459|dbj|BAH23582.1|	236
88	NC_015119.1:1426-2962	gi|224176447|dbj|BAH23579.1|	236
89	NC_015119.1:1426-2962	gi|224176455|dbj|BAH23581.1|	236
90	NC_015119.1:1426-2962	gi|256856180|dbj|BAI22683.1|	235
91	NC_015119.1:1426-2962	gi|256856182|dbj|BAI22684.1|	235
92	NC_015119.1:1426-2962	gi|283945429|dbj|BAI66460.1|	224
93	NC_015119.1:1426-2962	gi|283945427|dbj|BAI66459.1|	224
94	NC_015119.1:1426-2962	gi|283945431|dbj|BAI66461.1|	224
95	NC_015119.1:1426-2962	gi|284507069|dbj|BAI67602.1|	223
96	NC_015119.1:1426-2962	gi|284507063|dbj|BAI67601.1|	223
97	NC_015119.1:1426-2962	gi|284507059|dbj|BAI67600.1|	223
98	NC_015119.1:1426-2962	gi|404428917|gb|AFR68542.1|	218
99	NC_015119.1:1426-2962	gi|404428921|gb|AFR68544.1|	218
100	NC_015119.1:1426-2962	gi|404428915|gb|AFR68541.1|	218
101	NC_015119.1:1426-2962	gi|402234571|gb|AFQ37411.1|	218
102	NC_015119.1:1426-2962	gi|402234569|gb|AFQ37410.1|	218
103	NC_015119.1:1426-2962	gi|402234573|gb|AFQ37412.1|	218
104	NC_015119.1:1426-2962	gi|404428913|gb|AFR68540.1|	218
105	NC_015119.1:1426-2962	gi|404428925|gb|AFR68546.1|	218
106	NC_015119.1:1426-2962	gi|404428937|gb|AFR68552.1|	218
107	NC_015119.1:1426-2962	gi|404428941|gb|AFR68554.1|	218
108	NC_015119.1:1426-2962	gi|404428945|gb|AFR68556.1|	218
109	NC_015119.1:1426-2962	gi|404428953|gb|AFR68560.1|	218
110	NC_015119.1:1426-2962	gi|404428957|gb|AFR68562.1|	218
111	NC_015119.1:1426-2962	gi|404428961|gb|AFR68564.1|	218
112	NC_015119.1:1426-2962	gi|404428965|gb|AFR68566.1|	218
113	NC_015119.1:1426-2962	gi|404428973|gb|AFR68570.1|	218
114	NC_015119.1:1426-2962	gi|404428923|gb|AFR68545.1|	218
115	NC_015119.1:1426-2962	gi|404428927|gb|AFR68547.1|	218
116	NC_015119.1:1426-2962	gi|404428931|gb|AFR68549.1|	218
117	NC_015119.1:1426-2962	gi|404428935|gb|AFR68551.1|	218
118	NC_015119.1:1426-2962	gi|404428939|gb|AFR68553.1|	218
119	NC_015119.1:1426-2962	gi|404428943|gb|AFR68555.1|	218
120	NC_015119.1:1426-2962	gi|404428947|gb|AFR68557.1|	218
121	NC_015119.1:1426-2962	gi|404428959|gb|AFR68563.1|	218
122	NC_015119.1:1426-2962	gi|404428967|gb|AFR68567.1|	218
123	NC_015119.1:1426-2962	gi|404428975|gb|AFR68571.1|	218
124	NC_015119.1:1426-2962	gi|404428949|gb|AFR68558.1|	218
125	NC_015119.1:1426-2962	gi|404428969|gb|AFR68568.1|	218
126	NC_015119.1:1426-2962	gi|404428911|gb|AFR68539.1|	218
127	NC_015119.1:1426-2962	gi|404428919|gb|AFR68543.1|	218
128	NC_015119.1:1426-2962	gi|404428955|gb|AFR68561.1|	218
129	NC_015119.1:1426-2962	gi|404428971|gb|AFR68569.1|	218
130	NC_015119.1:1426-2962	gi|404428951|gb|AFR68559.1|	216
131	NC_015119.1:1426-2962	gi|404428963|gb|AFR68565.1|	216
132	NC_015119.1:1426-2962	gi|404428929|gb|AFR68548.1|	215
133	NC_015119.1:1426-2962	gi|402234575|gb|AFQ37413.1|	213
134	NC_015119.1:1426-2962	gi|404428933|gb|AFR68550.1|	213
135	NC_015119.1:1426-2962	gi|50981975|gb|AAT91657.1|	205
136	NC_015119.1:1426-2962	gi|50981997|gb|AAT91668.1|	205
137	NC_015119.1:1426-2962	gi|50982093|gb|AAT91716.1|	204
138	NC_015119.1:1426-2962	gi|50981971|gb|AAT91655.1|	203
139	NC_015119.1:1426-2962	gi|50982055|gb|AAT91697.1|	203
140	NC_015119.1:1426-2962	gi|50982091|gb|AAT91715.1|	203
141	NC_015119.1:1426-2962	gi|50981969|gb|AAT91654.1|	203
142	NC_015119.1:1426-2962	gi|50981967|gb|AAT91653.1|	203
143	NC_015119.1:1426-2962	gi|50982075|gb|AAT91707.1|	203
144	NC_015119.1:1426-2962	gi|50982069|gb|AAT91704.1|	203
145	NC_015119.1:1426-2962	gi|50982073|gb|AAT91706.1|	203
146	NC_015119.1:1426-2962	gi|50982039|gb|AAT91689.1|	203
147	NC_015119.1:1426-2962	gi|50982061|gb|AAT91700.1|	202
148	NC_015119.1:1426-2962	gi|50982013|gb|AAT91676.1|	202
149	NC_015119.1:1426-2962	gi|50982087|gb|AAT91713.1|	202
150	NC_015119.1:1426-2962	gi|50982065|gb|AAT91702.1|	202
151	NC_015119.1:1426-2962	gi|50982047|gb|AAT91693.1|	202
152	NC_015119.1:1426-2962	gi|50982077|gb|AAT91708.1|	202
153	NC_015119.1:1426-2962	gi|50981999|gb|AAT91669.1|	202
154	NC_015119.1:1426-2962	gi|50982053|gb|AAT91696.1|	202
155	NC_015119.1:1426-2962	gi|50981993|gb|AAT91666.1|	202
156	NC_015119.1:1426-2962	gi|50981963|gb|AAT91651.1|	201
157	NC_015119.1:1426-2962	gi|50982019|gb|AAT91679.1|	201
158	NC_015119.1:1426-2962	gi|50982035|gb|AAT91687.1|	201
159	NC_015119.1:1426-2962	gi|50982009|gb|AAT91674.1|	201
160	NC_015119.1:1426-2962	gi|50982049|gb|AAT91694.1|	201
161	NC_015119.1:1426-2962	gi|50982071|gb|AAT91705.1|	201
162	NC_015119.1:1426-2962	gi|50981991|gb|AAT91665.1|	201
163	NC_015119.1:1426-2962	gi|50981979|gb|AAT91659.1|	201
164	NC_015119.1:1426-2962	gi|50981983|gb|AAT91661.1|	201
165	NC_015119.1:1426-2962	gi|50982023|gb|AAT91681.1|	201
166	NC_015119.1:1426-2962	gi|50981995|gb|AAT91667.1|	201
167	NC_015119.1:1426-2962	gi|50982067|gb|AAT91703.1|	201
168	NC_015119.1:1426-2962	gi|50981965|gb|AAT91652.1|	201
169	NC_015119.1:1426-2962	gi|50982007|gb|AAT91673.1|	201
170	NC_015119.1:1426-2962	gi|50982001|gb|AAT91670.1|	201
171	NC_015119.1:1426-2962	gi|50981959|gb|AAT91649.1|	201
172	NC_015119.1:1426-2962	gi|50982051|gb|AAT91695.1|	201
173	NC_015119.1:1426-2962	gi|50982027|gb|AAT91683.1|	201
174	NC_015119.1:1426-2962	gi|50981973|gb|AAT91656.1|	201
175	NC_015119.1:1426-2962	gi|50981989|gb|AAT91664.1|	200
176	NC_015119.1:1426-2962	gi|50981955|gb|AAT91647.1|	200
177	NC_015119.1:1426-2962	gi|50982029|gb|AAT91684.1|	200
178	NC_015119.1:1426-2962	gi|50982003|gb|AAT91671.1|	199
179	NC_015119.1:1426-2962	gi|50981977|gb|AAT91658.1|	199
180	NC_015119.1:1426-2962	gi|50982059|gb|AAT91699.1|	199
181	NC_015119.1:1426-2962	gi|50982043|gb|AAT91691.1|	199
182	NC_015119.1:1426-2962	gi|50982015|gb|AAT91677.1|	199
183	NC_015119.1:1426-2962	gi|50982079|gb|AAT91709.1|	198
184	NC_015119.1:1426-2962	gi|50982025|gb|AAT91682.1|	198
185	NC_015119.1:1426-2962	gi|50982083|gb|AAT91711.1|	198
186	NC_015119.1:1426-2962	gi|50982081|gb|AAT91710.1|	198
187	NC_015119.1:1426-2962	gi|50982017|gb|AAT91678.1|	198
188	NC_015119.1:1426-2962	gi|50981957|gb|AAT91648.1|	198
189	NC_015119.1:1426-2962	gi|50982021|gb|AAT91680.1|	198
190	NC_015119.1:1426-2962	gi|50982045|gb|AAT91692.1|	198
191	NC_015119.1:1426-2962	gi|50981953|gb|AAT91646.1|	197
192	NC_015119.1:1426-2962	gi|50982033|gb|AAT91686.1|	197
193	NC_015119.1:1426-2962	gi|50981981|gb|AAT91660.1|	197
194	NC_015119.1:1426-2962	gi|50982041|gb|AAT91690.1|	197
195	NC_015119.1:1426-2962	gi|50982089|gb|AAT91714.1|	196
196	NC_015119.1:1426-2962	gi|50982085|gb|AAT91712.1|	196
197	NC_015119.1:1426-2962	gi|50982005|gb|AAT91672.1|	194
198	NC_015119.1:1426-2962	gi|50982057|gb|AAT91698.1|	192
199	NC_015119.1:1426-2962	gi|50982037|gb|AAT91688.1|	192
200	NC_015119.1:1426-2962	gi|50981961|gb|AAT91650.1|	191
201	NC_015119.1:1426-2962	gi|50982011|gb|AAT91675.1|	190
202	NC_015119.1:1426-2962	gi|50981987|gb|AAT91663.1|	190
203	NC_015119.1:1426-2962	gi|50981985|gb|AAT91662.1|	187
204	NC_015119.1:1426-2962	gi|50982031|gb|AAT91685.1|	186
205	NC_015119.1:1426-2962	gi|50982063|gb|AAT91701.1|	180
206	NC_015119.1:1426-2962	gi|395486326|gb|AFN67108.1|	167
207	NC_015119.1:1426-2962	gi|395486324|gb|AFN67107.1|	167
208	NC_015119.1:1426-2962	gi|395486322|gb|AFN67106.1|	167
209	NC_015119.1:1426-2962	gi|395486328|gb|AFN67109.1|	162
