1	NC_015119.1:1426-2962	gi|225622197|ref|YP_002725710.1|
2	NC_015119.1:1426-2962	gi|288903410|ref|YP_003434131.1|
3	NC_015119.1:1426-2962	gi|326536058|ref|YP_004300493.1|
4	NC_015119.1:1426-2962	gi|188011119|ref|YP_001905892.1|
5	NC_015119.1:1426-2962	gi|225622184|ref|YP_002725698.1|
6	NC_015119.1:1426-2962	gi|171260186|ref|YP_001795390.1|
7	NC_015119.1:1426-2962	gi|288903312|ref|YP_003434040.1|
8	NC_015119.1:1426-2962	gi|49146527|ref|YP_026087.1|
9	NC_015119.1:1426-2962	gi|296315379|emb|CAQ56159.1|
10	NC_015119.1:1426-2962	gi|160694986|ref|YP_001552232.1|COX1_21467
11	NC_015119.1:1426-2962	gi|288903231|ref|YP_003433879.1|
12	NC_015119.1:1426-2962	gi|19111755|ref|NP_579952.2|COX1_15956
13	NC_015119.1:1426-2962	gi|288903353|ref|YP_003434078.1|
14	NC_015119.1:1426-2962	gi|1169025|sp|P24893.2|COX1_CAEEL
15	NC_015119.1:1426-2962	gi|5834891|ref|NP_006961.1|COX1_10021
16	NC_015119.1:1426-2962	gi|288904191|ref|YP_003434456.1|
17	NC_015119.1:1426-2962	gi|30725263|ref|NP_851331.1|
18	NC_015119.1:1426-2962	gi|294368068|ref|YP_003433891.2|
19	NC_015119.1:1426-2962	gi|169160118|ref|YP_001700361.1|
20	NC_015119.1:1426-2962	gi|189095452|ref|YP_001936464.1|
21	NC_015119.1:1426-2962	gi|1169024|sp|P24881.2|COX1_ASCSU
22	NC_015119.1:1426-2962	gi|5834880|ref|NP_006949.1|COX1_10020
23	NC_015119.1:1426-2962	gi|288900706|ref|YP_003433739.1|
24	NC_015119.1:1426-2962	gi|357018118|ref|YP_004935169.1|
25	NC_015119.1:1426-2962	gi|357018150|ref|YP_004935200.1|
26	NC_015119.1:1426-2962	gi|116510836|ref|YP_817454.1|
27	NC_015119.1:1426-2962	gi|343198304|ref|YP_004778171.1|
28	NC_015119.1:1426-2962	gi|343198264|ref|YP_004778134.1|
29	NC_015119.1:1426-2962	gi|288900693|ref|YP_003433727.1|
30	NC_015119.1:1426-2962	gi|91176182|ref|YP_537096.1|
31	NC_015119.1:1426-2962	gi|255506273|ref|YP_003097109.1|
32	NC_015119.1:1426-2962	gi|296315392|emb|CAQ56171.1|
33	NC_015119.1:1426-2962	gi|296940316|ref|YP_003667994.1|
34	NC_015119.1:1426-2962	gi|288903285|ref|YP_003433929.1|
35	NC_015119.1:1426-2962	gi|19111767|ref|NP_579964.2|
36	NC_015119.1:1426-2962	gi|255506300|ref|YP_003097134.1|
37	NC_015119.1:1426-2962	gi|227437190|gb|ACP30394.1|
38	NC_015119.1:1426-2962	gi|317134156|ref|YP_004123396.1|
39	NC_015119.1:1426-2962	gi|288903193|ref|YP_003433803.1|
40	NC_015119.1:1426-2962	gi|288903218|ref|YP_003433826.1|
41	NC_015119.1:1426-2962	gi|399934471|gb|AFP58668.1|
42	NC_015119.1:1426-2962	gi|404333724|ref|YP_006702537.1|
43	NC_015119.1:1426-2962	gi|353526743|ref|YP_004927920.1|
44	NC_015119.1:1426-2962	gi|49147263|ref|YP_025921.1|
45	NC_015119.1:1426-2962	gi|347600388|ref|YP_004857909.1|
46	NC_015119.1:1426-2962	gi|13195746|ref|NP_077265.1|COX1_15606
47	NC_015119.1:1426-2962	gi|388892211|gb|AFK81032.1|
48	NC_015119.1:1426-2962	gi|404333640|ref|YP_006702459.1|
49	NC_015119.1:1426-2962	gi|385137017|ref|YP_006234076.1|
50	NC_015119.1:1426-2962	gi|388892225|gb|AFK81045.1|
51	NC_015119.1:1426-2962	gi|404333654|ref|YP_006702472.1|
52	NC_015119.1:1426-2962	gi|385099655|ref|YP_006234115.1|
53	NC_015119.1:1426-2962	gi|99878585|ref|YP_615042.1|
54	NC_015119.1:1426-2962	gi|343198277|ref|YP_004778146.1|
55	NC_015119.1:1426-2962	gi|207266411|ref|YP_002261325.1|
56	NC_015119.1:1426-2962	gi|258649594|ref|YP_003204882.1|
57	NC_015119.1:1426-2962	gi|99878741|ref|YP_615048.1|
58	NC_015119.1:1426-2962	gi|353526756|ref|YP_004927932.1|
59	NC_015119.1:1426-2962	gi|119637801|ref|YP_918966.1|
60	NC_015119.1:1426-2962	gi|119360188|ref|YP_913163.1|
61	NC_015119.1:1426-2962	gi|119655310|ref|YP_918977.1|
62	NC_015119.1:1426-2962	gi|124286770|ref|YP_001023661.1|
63	NC_015119.1:1426-2962	gi|110082720|ref|YP_665490.1|
64	NC_015119.1:1426-2962	gi|353526730|ref|YP_004927908.1|
65	NC_015119.1:1426-2962	gi|393716480|gb|AFN20656.1|
66	NC_015119.1:1426-2962	gi|400201800|ref|YP_006576256.1|
67	NC_015119.1:1426-2962	gi|307557814|gb|ADN52139.1|
68	NC_015119.1:1426-2962	gi|357018107|ref|YP_004935159.1|
69	NC_015119.1:1426-2962	gi|332164905|gb|AEE11945.1|
70	NC_015119.1:1426-2962	gi|357017815|ref|YP_004934847.1|
71	NC_015119.1:1426-2962	gi|5835446|ref|NP_008370.1|COX1_13186
72	NC_015119.1:1426-2962	gi|40548803|ref|NP_954717.1|
73	NC_015119.1:1426-2962	gi|307557827|gb|ADN52151.1|
74	NC_015119.1:1426-2962	gi|357018133|ref|YP_004935183.1|
75	NC_015119.1:1426-2962	gi|307375469|gb|ADN43962.1|
76	NC_015119.1:1426-2962	gi|357017996|ref|YP_004935014.1|
77	NC_015119.1:1426-2962	gi|299828995|ref|YP_003734888.1|
78	NC_015119.1:1426-2962	gi|302424149|gb|ADL39026.1|
79	NC_015119.1:1426-2962	gi|306960080|ref|YP_003875468.1|
80	NC_015119.1:1426-2962	gi|23395808|ref|NP_694905.1|
81	NC_015119.1:1426-2962	gi|406362774|dbj|BAM44915.1|
82	NC_015119.1:1426-2962	gi|406362778|dbj|BAM44917.1|
83	NC_015119.1:1426-2962	gi|406362782|dbj|BAM44919.1|
84	NC_015119.1:1426-2962	gi|406362776|dbj|BAM44916.1|
85	NC_015119.1:1426-2962	gi|406362780|dbj|BAM44918.1|
86	NC_015119.1:1426-2962	gi|224176451|dbj|BAH23580.1|
87	NC_015119.1:1426-2962	gi|224176459|dbj|BAH23582.1|
88	NC_015119.1:1426-2962	gi|224176447|dbj|BAH23579.1|
89	NC_015119.1:1426-2962	gi|224176455|dbj|BAH23581.1|
90	NC_015119.1:1426-2962	gi|256856180|dbj|BAI22683.1|
91	NC_015119.1:1426-2962	gi|256856182|dbj|BAI22684.1|
92	NC_015119.1:1426-2962	gi|283945429|dbj|BAI66460.1|
93	NC_015119.1:1426-2962	gi|283945427|dbj|BAI66459.1|
94	NC_015119.1:1426-2962	gi|283945431|dbj|BAI66461.1|
95	NC_015119.1:1426-2962	gi|284507069|dbj|BAI67602.1|
96	NC_015119.1:1426-2962	gi|284507063|dbj|BAI67601.1|
97	NC_015119.1:1426-2962	gi|284507059|dbj|BAI67600.1|
98	NC_015119.1:1426-2962	gi|404428917|gb|AFR68542.1|
99	NC_015119.1:1426-2962	gi|404428921|gb|AFR68544.1|
100	NC_015119.1:1426-2962	gi|404428915|gb|AFR68541.1|
101	NC_015119.1:1426-2962	gi|402234571|gb|AFQ37411.1|
102	NC_015119.1:1426-2962	gi|402234569|gb|AFQ37410.1|
103	NC_015119.1:1426-2962	gi|402234573|gb|AFQ37412.1|
104	NC_015119.1:1426-2962	gi|404428913|gb|AFR68540.1|
105	NC_015119.1:1426-2962	gi|404428925|gb|AFR68546.1|
106	NC_015119.1:1426-2962	gi|404428937|gb|AFR68552.1|
107	NC_015119.1:1426-2962	gi|404428941|gb|AFR68554.1|
108	NC_015119.1:1426-2962	gi|404428945|gb|AFR68556.1|
109	NC_015119.1:1426-2962	gi|404428953|gb|AFR68560.1|
110	NC_015119.1:1426-2962	gi|404428957|gb|AFR68562.1|
111	NC_015119.1:1426-2962	gi|404428961|gb|AFR68564.1|
112	NC_015119.1:1426-2962	gi|404428965|gb|AFR68566.1|
113	NC_015119.1:1426-2962	gi|404428973|gb|AFR68570.1|
114	NC_015119.1:1426-2962	gi|404428923|gb|AFR68545.1|
115	NC_015119.1:1426-2962	gi|404428927|gb|AFR68547.1|
116	NC_015119.1:1426-2962	gi|404428931|gb|AFR68549.1|
117	NC_015119.1:1426-2962	gi|404428935|gb|AFR68551.1|
118	NC_015119.1:1426-2962	gi|404428939|gb|AFR68553.1|
119	NC_015119.1:1426-2962	gi|404428943|gb|AFR68555.1|
120	NC_015119.1:1426-2962	gi|404428947|gb|AFR68557.1|
121	NC_015119.1:1426-2962	gi|404428959|gb|AFR68563.1|
122	NC_015119.1:1426-2962	gi|404428967|gb|AFR68567.1|
123	NC_015119.1:1426-2962	gi|404428975|gb|AFR68571.1|
124	NC_015119.1:1426-2962	gi|404428949|gb|AFR68558.1|
125	NC_015119.1:1426-2962	gi|404428969|gb|AFR68568.1|
126	NC_015119.1:1426-2962	gi|404428911|gb|AFR68539.1|
127	NC_015119.1:1426-2962	gi|404428919|gb|AFR68543.1|
128	NC_015119.1:1426-2962	gi|404428955|gb|AFR68561.1|
129	NC_015119.1:1426-2962	gi|404428971|gb|AFR68569.1|
130	NC_015119.1:1426-2962	gi|404428951|gb|AFR68559.1|
131	NC_015119.1:1426-2962	gi|404428963|gb|AFR68565.1|
132	NC_015119.1:1426-2962	gi|404428929|gb|AFR68548.1|
133	NC_015119.1:1426-2962	gi|402234575|gb|AFQ37413.1|
134	NC_015119.1:1426-2962	gi|404428933|gb|AFR68550.1|
135	NC_015119.1:1426-2962	gi|50981975|gb|AAT91657.1|
136	NC_015119.1:1426-2962	gi|50981997|gb|AAT91668.1|
137	NC_015119.1:1426-2962	gi|50982093|gb|AAT91716.1|
138	NC_015119.1:1426-2962	gi|50981971|gb|AAT91655.1|
139	NC_015119.1:1426-2962	gi|50982055|gb|AAT91697.1|
140	NC_015119.1:1426-2962	gi|50982091|gb|AAT91715.1|
141	NC_015119.1:1426-2962	gi|50981969|gb|AAT91654.1|
142	NC_015119.1:1426-2962	gi|50981967|gb|AAT91653.1|
143	NC_015119.1:1426-2962	gi|50982075|gb|AAT91707.1|
144	NC_015119.1:1426-2962	gi|50982069|gb|AAT91704.1|
145	NC_015119.1:1426-2962	gi|50982073|gb|AAT91706.1|
146	NC_015119.1:1426-2962	gi|50982039|gb|AAT91689.1|
147	NC_015119.1:1426-2962	gi|50982061|gb|AAT91700.1|
148	NC_015119.1:1426-2962	gi|50982013|gb|AAT91676.1|
149	NC_015119.1:1426-2962	gi|50982087|gb|AAT91713.1|
150	NC_015119.1:1426-2962	gi|50982065|gb|AAT91702.1|
151	NC_015119.1:1426-2962	gi|50982047|gb|AAT91693.1|
152	NC_015119.1:1426-2962	gi|50982077|gb|AAT91708.1|
153	NC_015119.1:1426-2962	gi|50981999|gb|AAT91669.1|
154	NC_015119.1:1426-2962	gi|50982053|gb|AAT91696.1|
155	NC_015119.1:1426-2962	gi|50981993|gb|AAT91666.1|
156	NC_015119.1:1426-2962	gi|50981963|gb|AAT91651.1|
157	NC_015119.1:1426-2962	gi|50982019|gb|AAT91679.1|
158	NC_015119.1:1426-2962	gi|50982035|gb|AAT91687.1|
159	NC_015119.1:1426-2962	gi|50982009|gb|AAT91674.1|
160	NC_015119.1:1426-2962	gi|50982049|gb|AAT91694.1|
161	NC_015119.1:1426-2962	gi|50982071|gb|AAT91705.1|
162	NC_015119.1:1426-2962	gi|50981991|gb|AAT91665.1|
163	NC_015119.1:1426-2962	gi|50981979|gb|AAT91659.1|
164	NC_015119.1:1426-2962	gi|50981983|gb|AAT91661.1|
165	NC_015119.1:1426-2962	gi|50982023|gb|AAT91681.1|
166	NC_015119.1:1426-2962	gi|50981995|gb|AAT91667.1|
167	NC_015119.1:1426-2962	gi|50982067|gb|AAT91703.1|
168	NC_015119.1:1426-2962	gi|50981965|gb|AAT91652.1|
169	NC_015119.1:1426-2962	gi|50982007|gb|AAT91673.1|
170	NC_015119.1:1426-2962	gi|50982001|gb|AAT91670.1|
171	NC_015119.1:1426-2962	gi|50981959|gb|AAT91649.1|
172	NC_015119.1:1426-2962	gi|50982051|gb|AAT91695.1|
173	NC_015119.1:1426-2962	gi|50982027|gb|AAT91683.1|
174	NC_015119.1:1426-2962	gi|50981973|gb|AAT91656.1|
175	NC_015119.1:1426-2962	gi|50981989|gb|AAT91664.1|
176	NC_015119.1:1426-2962	gi|50981955|gb|AAT91647.1|
177	NC_015119.1:1426-2962	gi|50982029|gb|AAT91684.1|
178	NC_015119.1:1426-2962	gi|50982003|gb|AAT91671.1|
179	NC_015119.1:1426-2962	gi|50981977|gb|AAT91658.1|
180	NC_015119.1:1426-2962	gi|50982059|gb|AAT91699.1|
181	NC_015119.1:1426-2962	gi|50982043|gb|AAT91691.1|
182	NC_015119.1:1426-2962	gi|50982015|gb|AAT91677.1|
183	NC_015119.1:1426-2962	gi|50982079|gb|AAT91709.1|
184	NC_015119.1:1426-2962	gi|50982025|gb|AAT91682.1|
185	NC_015119.1:1426-2962	gi|50982083|gb|AAT91711.1|
186	NC_015119.1:1426-2962	gi|50982081|gb|AAT91710.1|
187	NC_015119.1:1426-2962	gi|50982017|gb|AAT91678.1|
188	NC_015119.1:1426-2962	gi|50981957|gb|AAT91648.1|
189	NC_015119.1:1426-2962	gi|50982021|gb|AAT91680.1|
190	NC_015119.1:1426-2962	gi|50982045|gb|AAT91692.1|
191	NC_015119.1:1426-2962	gi|50981953|gb|AAT91646.1|
192	NC_015119.1:1426-2962	gi|50982033|gb|AAT91686.1|
193	NC_015119.1:1426-2962	gi|50981981|gb|AAT91660.1|
194	NC_015119.1:1426-2962	gi|50982041|gb|AAT91690.1|
195	NC_015119.1:1426-2962	gi|50982089|gb|AAT91714.1|
196	NC_015119.1:1426-2962	gi|50982085|gb|AAT91712.1|
197	NC_015119.1:1426-2962	gi|50982005|gb|AAT91672.1|
198	NC_015119.1:1426-2962	gi|50982057|gb|AAT91698.1|
199	NC_015119.1:1426-2962	gi|50982037|gb|AAT91688.1|
200	NC_015119.1:1426-2962	gi|50981961|gb|AAT91650.1|
201	NC_015119.1:1426-2962	gi|50982011|gb|AAT91675.1|
202	NC_015119.1:1426-2962	gi|50981987|gb|AAT91663.1|
203	NC_015119.1:1426-2962	gi|50981985|gb|AAT91662.1|
204	NC_015119.1:1426-2962	gi|50982031|gb|AAT91685.1|
205	NC_015119.1:1426-2962	gi|50982063|gb|AAT91701.1|
206	NC_015119.1:1426-2962	gi|395486326|gb|AFN67108.1|
207	NC_015119.1:1426-2962	gi|395486324|gb|AFN67107.1|
208	NC_015119.1:1426-2962	gi|395486322|gb|AFN67106.1|
209	NC_015119.1:1426-2962	gi|395486328|gb|AFN67109.1|
210	NC_015119.1:1426-2962	gi|392282155|gb|AFM53696.1|
211	NC_015119.1:1426-2962	gi|338970774|gb|AEJ33700.1|
212	NC_015119.1:1426-2962	gi|338970778|gb|AEJ33702.1|
213	NC_015119.1:1426-2962	gi|338970782|gb|AEJ33704.1|
214	NC_015119.1:1426-2962	gi|338970786|gb|AEJ33706.1|
215	NC_015119.1:1426-2962	gi|338970790|gb|AEJ33708.1|
216	NC_015119.1:1426-2962	gi|338970794|gb|AEJ33710.1|
217	NC_015119.1:1426-2962	gi|338970798|gb|AEJ33712.1|
218	NC_015119.1:1426-2962	gi|338970802|gb|AEJ33714.1|
219	NC_015119.1:1426-2962	gi|338970806|gb|AEJ33716.1|
220	NC_015119.1:1426-2962	gi|338970814|gb|AEJ33720.1|
221	NC_015119.1:1426-2962	gi|338970818|gb|AEJ33722.1|
222	NC_015119.1:1426-2962	gi|338970846|gb|AEJ33736.1|
223	NC_015119.1:1426-2962	gi|338970850|gb|AEJ33738.1|
224	NC_015119.1:1426-2962	gi|338970854|gb|AEJ33740.1|
225	NC_015119.1:1426-2962	gi|338970878|gb|AEJ33752.1|
226	NC_015119.1:1426-2962	gi|338970882|gb|AEJ33754.1|
227	NC_015119.1:1426-2962	gi|338970886|gb|AEJ33756.1|
228	NC_015119.1:1426-2962	gi|338970890|gb|AEJ33758.1|
229	NC_015119.1:1426-2962	gi|338970894|gb|AEJ33760.1|
230	NC_015119.1:1426-2962	gi|338970898|gb|AEJ33762.1|
231	NC_015119.1:1426-2962	gi|338970902|gb|AEJ33764.1|
232	NC_015119.1:1426-2962	gi|338970906|gb|AEJ33766.1|
233	NC_015119.1:1426-2962	gi|338970768|gb|AEJ33697.1|
234	NC_015119.1:1426-2962	gi|338970772|gb|AEJ33699.1|
235	NC_015119.1:1426-2962	gi|338970776|gb|AEJ33701.1|
236	NC_015119.1:1426-2962	gi|338970780|gb|AEJ33703.1|
237	NC_015119.1:1426-2962	gi|338970784|gb|AEJ33705.1|
238	NC_015119.1:1426-2962	gi|338970792|gb|AEJ33709.1|
239	NC_015119.1:1426-2962	gi|338970796|gb|AEJ33711.1|
240	NC_015119.1:1426-2962	gi|338970800|gb|AEJ33713.1|
241	NC_015119.1:1426-2962	gi|338970804|gb|AEJ33715.1|
242	NC_015119.1:1426-2962	gi|338970816|gb|AEJ33721.1|
243	NC_015119.1:1426-2962	gi|338970844|gb|AEJ33735.1|
244	NC_015119.1:1426-2962	gi|338970848|gb|AEJ33737.1|
245	NC_015119.1:1426-2962	gi|338970852|gb|AEJ33739.1|
246	NC_015119.1:1426-2962	gi|338970876|gb|AEJ33751.1|
247	NC_015119.1:1426-2962	gi|338970880|gb|AEJ33753.1|
248	NC_015119.1:1426-2962	gi|338970888|gb|AEJ33757.1|
249	NC_015119.1:1426-2962	gi|338970896|gb|AEJ33761.1|
250	NC_015119.1:1426-2962	gi|338970900|gb|AEJ33763.1|
251	NC_015119.1:1426-2962	gi|338970904|gb|AEJ33765.1|
252	NC_015119.1:1426-2962	gi|338970908|gb|AEJ33767.1|
253	NC_015119.1:1426-2962	gi|338970788|gb|AEJ33707.1|
254	NC_015119.1:1426-2962	gi|338970884|gb|AEJ33755.1|
255	NC_015119.1:1426-2962	gi|338970770|gb|AEJ33698.1|
256	NC_015119.1:1426-2962	gi|338970892|gb|AEJ33759.1|
257	NC_015119.1:1426-2962	gi|338970810|gb|AEJ33718.1|
258	NC_015119.1:1426-2962	gi|338970808|gb|AEJ33717.1|
259	NC_015119.1:1426-2962	gi|338970812|gb|AEJ33719.1|
260	NC_015119.1:1426-2962	gi|338970830|gb|AEJ33728.1|
261	NC_015119.1:1426-2962	gi|338970842|gb|AEJ33734.1|
262	NC_015119.1:1426-2962	gi|338970820|gb|AEJ33723.1|
263	NC_015119.1:1426-2962	gi|338970832|gb|AEJ33729.1|
264	NC_015119.1:1426-2962	gi|338970840|gb|AEJ33733.1|
265	NC_015119.1:1426-2962	gi|338970722|gb|AEJ33674.1|
266	NC_015119.1:1426-2962	gi|338970726|gb|AEJ33676.1|
267	NC_015119.1:1426-2962	gi|338970730|gb|AEJ33678.1|
268	NC_015119.1:1426-2962	gi|338970738|gb|AEJ33682.1|
269	NC_015119.1:1426-2962	gi|338970742|gb|AEJ33684.1|
270	NC_015119.1:1426-2962	gi|338970746|gb|AEJ33686.1|
271	NC_015119.1:1426-2962	gi|338970750|gb|AEJ33688.1|
272	NC_015119.1:1426-2962	gi|338970754|gb|AEJ33690.1|
273	NC_015119.1:1426-2962	gi|338970758|gb|AEJ33692.1|
274	NC_015119.1:1426-2962	gi|338970762|gb|AEJ33694.1|
275	NC_015119.1:1426-2962	gi|338970766|gb|AEJ33696.1|
276	NC_015119.1:1426-2962	gi|338970724|gb|AEJ33675.1|
277	NC_015119.1:1426-2962	gi|338970728|gb|AEJ33677.1|
278	NC_015119.1:1426-2962	gi|338970732|gb|AEJ33679.1|
279	NC_015119.1:1426-2962	gi|338970736|gb|AEJ33681.1|
280	NC_015119.1:1426-2962	gi|338970740|gb|AEJ33683.1|
281	NC_015119.1:1426-2962	gi|338970744|gb|AEJ33685.1|
282	NC_015119.1:1426-2962	gi|338970748|gb|AEJ33687.1|
283	NC_015119.1:1426-2962	gi|338970752|gb|AEJ33689.1|
284	NC_015119.1:1426-2962	gi|338970756|gb|AEJ33691.1|
285	NC_015119.1:1426-2962	gi|338970764|gb|AEJ33695.1|
286	NC_015119.1:1426-2962	gi|338970734|gb|AEJ33680.1|
287	NC_015119.1:1426-2962	gi|338970720|gb|AEJ33673.1|
288	NC_015119.1:1426-2962	gi|392282153|gb|AFM53695.1|
289	NC_015119.1:1426-2962	gi|338970838|gb|AEJ33732.1|
290	NC_015119.1:1426-2962	gi|338970858|gb|AEJ33742.1|
291	NC_015119.1:1426-2962	gi|338970862|gb|AEJ33744.1|
292	NC_015119.1:1426-2962	gi|338970866|gb|AEJ33746.1|
293	NC_015119.1:1426-2962	gi|338970870|gb|AEJ33748.1|
294	NC_015119.1:1426-2962	gi|338970874|gb|AEJ33750.1|
295	NC_015119.1:1426-2962	gi|338970836|gb|AEJ33731.1|
296	NC_015119.1:1426-2962	gi|338970856|gb|AEJ33741.1|
297	NC_015119.1:1426-2962	gi|338970860|gb|AEJ33743.1|
298	NC_015119.1:1426-2962	gi|338970864|gb|AEJ33745.1|
299	NC_015119.1:1426-2962	gi|338970872|gb|AEJ33749.1|
300	NC_015119.1:1426-2962	gi|338970822|gb|AEJ33724.1|
301	NC_015119.1:1426-2962	gi|338970826|gb|AEJ33726.1|
302	NC_015119.1:1426-2962	gi|338970834|gb|AEJ33730.1|
303	NC_015119.1:1426-2962	gi|338970824|gb|AEJ33725.1|
304	NC_015119.1:1426-2962	gi|338970828|gb|AEJ33727.1|
305	NC_015119.1:1426-2962	gi|338970868|gb|AEJ33747.1|
306	NC_015119.1:1426-2962	gi|338970760|gb|AEJ33693.1|
307	NC_015119.1:1426-2962	gi|346722066|gb|AEO50750.1|
308	NC_015119.1:1426-2962	gi|346722064|gb|AEO50749.1|
309	NC_015119.1:1426-2962	gi|346722068|gb|AEO50751.1|
310	NC_015119.1:1426-2962	gi|402580522|gb|EJW74472.1|
311	NC_015119.1:1426-2962	gi|402580522|gb|EJW74472.1|
312	NC_015119.1:1426-2962	gi|402693622|gb|AFQ89878.1|
313	NC_015119.1:1426-2962	gi|402693626|gb|AFQ89880.1|
314	NC_015119.1:1426-2962	gi|402693630|gb|AFQ89882.1|
315	NC_015119.1:1426-2962	gi|402693634|gb|AFQ89884.1|
316	NC_015119.1:1426-2962	gi|402693638|gb|AFQ89886.1|
317	NC_015119.1:1426-2962	gi|402693620|gb|AFQ89877.1|
318	NC_015119.1:1426-2962	gi|402693624|gb|AFQ89879.1|
319	NC_015119.1:1426-2962	gi|402693628|gb|AFQ89881.1|
320	NC_015119.1:1426-2962	gi|402693632|gb|AFQ89883.1|
321	NC_015119.1:1426-2962	gi|402693636|gb|AFQ89885.1|
322	NC_015119.1:1426-2962	gi|402693640|gb|AFQ89887.1|
323	NC_015119.1:1426-2962	gi|407724932|dbj|BAM45503.1|
324	NC_015119.1:1426-2962	gi|400532651|gb|AFP87310.1|
325	NC_015119.1:1426-2962	gi|400532642|gb|AFP87306.1|
326	NC_015119.1:1426-2962	gi|400532653|gb|AFP87311.1|
327	NC_015119.1:1426-2962	gi|334717114|gb|AEG91022.1|
328	NC_015119.1:1426-2962	gi|334717118|gb|AEG91024.1|
329	NC_015119.1:1426-2962	gi|334717112|gb|AEG91021.1|
330	NC_015119.1:1426-2962	gi|334717116|gb|AEG91023.1|
331	NC_015119.1:1426-2962	gi|334717120|gb|AEG91025.1|
332	NC_015119.1:1426-2962	gi|334717122|gb|AEG91026.1|
333	NC_015119.1:1426-2962	gi|334717126|gb|AEG91028.1|
334	NC_015119.1:1426-2962	gi|334717124|gb|AEG91027.1|
335	NC_015119.1:1426-2962	gi|334717128|gb|AEG91029.1|
336	NC_015119.1:1426-2962	gi|400532649|gb|AFP87309.1|
337	NC_015119.1:1426-2962	gi|334717132|gb|AEG91031.1|
338	NC_015119.1:1426-2962	gi|329556561|gb|AEB91966.1|
339	NC_015119.1:1426-2962	gi|334717130|gb|AEG91030.1|
340	NC_015119.1:1426-2962	gi|400532640|gb|AFP87305.1|
341	NC_015119.1:1426-2962	gi|400532644|gb|AFP87307.1|
342	NC_015119.1:1426-2962	gi|407724934|dbj|BAM45504.1|
343	NC_015119.1:1426-2962	gi|400532647|gb|AFP87308.1|
344	NC_015119.1:1426-2962	gi|401802775|gb|AFQ20727.1|
345	NC_015119.1:1426-2962	gi|335352272|gb|AEH42433.1|
346	NC_015119.1:1426-2962	gi|335352276|gb|AEH42435.1|
347	NC_015119.1:1426-2962	gi|335352280|gb|AEH42437.1|
348	NC_015119.1:1426-2962	gi|335352284|gb|AEH42439.1|
349	NC_015119.1:1426-2962	gi|335352274|gb|AEH42434.1|
350	NC_015119.1:1426-2962	gi|335352278|gb|AEH42436.1|
351	NC_015119.1:1426-2962	gi|335352282|gb|AEH42438.1|
352	NC_015119.1:1426-2962	gi|335352286|gb|AEH42440.1|
353	NC_015119.1:1426-2962	gi|336287921|gb|AEI30249.1|
354	NC_015119.1:1426-2962	gi|336287921|gb|AEI30249.1|
355	NC_015119.1:1426-2962	gi|336287923|gb|AEI30250.1|
356	NC_015119.1:1426-2962	gi|336287923|gb|AEI30250.1|
357	NC_015119.1:1426-2962	gi|336287885|gb|AEI30231.1|
358	NC_015119.1:1426-2962	gi|336287885|gb|AEI30231.1|
359	NC_015119.1:1426-2962	gi|336287889|gb|AEI30233.1|
360	NC_015119.1:1426-2962	gi|336287889|gb|AEI30233.1|
361	NC_015119.1:1426-2962	gi|336287893|gb|AEI30235.1|
362	NC_015119.1:1426-2962	gi|336287893|gb|AEI30235.1|
363	NC_015119.1:1426-2962	gi|336287901|gb|AEI30239.1|
364	NC_015119.1:1426-2962	gi|336287901|gb|AEI30239.1|
365	NC_015119.1:1426-2962	gi|336287909|gb|AEI30243.1|
366	NC_015119.1:1426-2962	gi|336287909|gb|AEI30243.1|
367	NC_015119.1:1426-2962	gi|336287913|gb|AEI30245.1|
368	NC_015119.1:1426-2962	gi|336287913|gb|AEI30245.1|
369	NC_015119.1:1426-2962	gi|336287883|gb|AEI30230.1|
370	NC_015119.1:1426-2962	gi|336287883|gb|AEI30230.1|
371	NC_015119.1:1426-2962	gi|336287887|gb|AEI30232.1|
372	NC_015119.1:1426-2962	gi|336287887|gb|AEI30232.1|
373	NC_015119.1:1426-2962	gi|336287891|gb|AEI30234.1|
374	NC_015119.1:1426-2962	gi|336287891|gb|AEI30234.1|
375	NC_015119.1:1426-2962	gi|336287899|gb|AEI30238.1|
376	NC_015119.1:1426-2962	gi|336287899|gb|AEI30238.1|
377	NC_015119.1:1426-2962	gi|336287903|gb|AEI30240.1|
378	NC_015119.1:1426-2962	gi|336287903|gb|AEI30240.1|
379	NC_015119.1:1426-2962	gi|336287907|gb|AEI30242.1|
380	NC_015119.1:1426-2962	gi|336287907|gb|AEI30242.1|
381	NC_015119.1:1426-2962	gi|336287911|gb|AEI30244.1|
382	NC_015119.1:1426-2962	gi|336287911|gb|AEI30244.1|
383	NC_015119.1:1426-2962	gi|324524638|gb|ADY48446.1|
384	NC_015119.1:1426-2962	gi|336287905|gb|AEI30241.1|
385	NC_015119.1:1426-2962	gi|336287905|gb|AEI30241.1|
386	NC_015119.1:1426-2962	gi|336287915|gb|AEI30246.1|
387	NC_015119.1:1426-2962	gi|336287915|gb|AEI30246.1|
388	NC_015119.1:1426-2962	gi|336287919|gb|AEI30248.1|
389	NC_015119.1:1426-2962	gi|336287919|gb|AEI30248.1|
390	NC_015119.1:1426-2962	gi|336287881|gb|AEI30229.1|
391	NC_015119.1:1426-2962	gi|336287881|gb|AEI30229.1|
392	NC_015119.1:1426-2962	gi|336287897|gb|AEI30237.1|
393	NC_015119.1:1426-2962	gi|336287897|gb|AEI30237.1|
394	NC_015119.1:1426-2962	gi|336287895|gb|AEI30236.1|
395	NC_015119.1:1426-2962	gi|336287895|gb|AEI30236.1|
396	NC_015119.1:1426-2962	gi|336287917|gb|AEI30247.1|
397	NC_015119.1:1426-2962	gi|336287917|gb|AEI30247.1|
398	NC_015119.1:1426-2962	gi|324575380|gb|ADY49966.1|
399	NC_015119.1:1426-2962	gi|401664211|dbj|BAM36458.1|
400	NC_015119.1:1426-2962	gi|402169024|emb|CCK73368.1|
401	NC_015119.1:1426-2962	gi|324575366|gb|ADY49962.1|
402	NC_015119.1:1426-2962	gi|402575841|gb|EJW69801.1|
403	NC_015119.1:1426-2962	gi|402583242|gb|EJW77186.1|
404	NC_015119.1:1426-2962	gi|324575316|gb|ADY49947.1|
405	NC_015119.1:1426-2962	gi|402583579|gb|EJW77523.1|
